servicenotification/build/outputs/logs/manifest-merger-release-report.txt
-- Merging decision tree log ---
manifest
ADDED from src\main\AndroidManifest.xml:1:1-29:12
INJECTED from src\main\AndroidManifest.xml:1:1-29:12
INJECTED from src\main\AndroidManifest.xml:1:1-29:12
INJECTED from src\main\AndroidManifest.xml:1:1-29:12
INJECTED from src\main\AndroidManifest.xml:1:1-29:12
INJECTED from src\main\AndroidManifest.xml:1:1-29:12
INJECTED from src\main\AndroidManifest.xml:1:1-29:12
	package
		ADDED from src\main\AndroidManifest.xml:2:5-68
		INJECTED from src\main\AndroidManifest.xml
		INJECTED from src\main\AndroidManifest.xml
	android:versionName
		INJECTED from src\main\AndroidManifest.xml
		ADDED from src\main\AndroidManifest.xml:1:1-29:12
		INJECTED from src\main\AndroidManifest.xml
	android:versionCode
		INJECTED from src\main\AndroidManifest.xml
		ADDED from src\main\AndroidManifest.xml:1:1-29:12
		INJECTED from src\main\AndroidManifest.xml
	xmlns:android
		ADDED from src\main\AndroidManifest.xml:1:11-69
uses-permission#android.permission.VIBRATE
ADDED from src\main\AndroidManifest.xml:4:5-66
	android:name
		ADDED from src\main\AndroidManifest.xml:4:22-63
uses-permission#android.permission.INTERNET
ADDED from src\main\AndroidManifest.xml:5:5-67
	android:name
		ADDED from src\main\AndroidManifest.xml:5:22-64
uses-permission#android.permission.ACCESS_NETWORK_STATE
ADDED from src\main\AndroidManifest.xml:6:5-79
	android:name
		ADDED from src\main\AndroidManifest.xml:6:22-76
uses-permission#android.permission.FOREGROUND_SERVICE
ADDED from src\main\AndroidManifest.xml:7:5-77
	android:name
		ADDED from src\main\AndroidManifest.xml:7:22-74
uses-permission#android.permission.RECEIVE_BOOT_COMPLETED
ADDED from src\main\AndroidManifest.xml:8:5-81
	android:name
		ADDED from src\main\AndroidManifest.xml:8:22-78
application
ADDED from src\main\AndroidManifest.xml:10:5-26:19
receiver#rodriguez.wisrovi.in.com.linkedin.servicenotification.Lib.Broadcast.inReboot
ADDED from src\main\AndroidManifest.xml:11:9-19:20
	android:name
		ADDED from src\main\AndroidManifest.xml:11:19-57
intent-filter#action:name:android.hardware.usb.action.USB_DEVICE_ATTACHED+action:name:android.intent.action.ACTION_POWER_CONNECTED+action:name:android.intent.action.ACTION_POWER_DISCONNECTED+action:name:android.intent.action.BOOT_COMPLETED+action:name:android.net.conn.CONNECTIVITY_CHANGE
ADDED from src\main\AndroidManifest.xml:12:13-18:29
action#android.intent.action.BOOT_COMPLETED
ADDED from src\main\AndroidManifest.xml:13:17-79
	android:name
		ADDED from src\main\AndroidManifest.xml:13:25-76
action#android.net.conn.CONNECTIVITY_CHANGE
ADDED from src\main\AndroidManifest.xml:14:17-79
	android:name
		ADDED from src\main\AndroidManifest.xml:14:25-76
action#android.intent.action.ACTION_POWER_CONNECTED
ADDED from src\main\AndroidManifest.xml:15:17-87
	android:name
		ADDED from src\main\AndroidManifest.xml:15:25-84
action#android.hardware.usb.action.USB_DEVICE_ATTACHED
ADDED from src\main\AndroidManifest.xml:16:17-90
	android:name
		ADDED from src\main\AndroidManifest.xml:16:25-87
action#android.intent.action.ACTION_POWER_DISCONNECTED
ADDED from src\main\AndroidManifest.xml:17:17-90
	android:name
		ADDED from src\main\AndroidManifest.xml:17:25-87
service#rodriguez.wisrovi.in.com.linkedin.servicenotification.Lib.Service.messageService
ADDED from src\main\AndroidManifest.xml:21:9-24:40
	android:enabled
		ADDED from src\main\AndroidManifest.xml:23:13-35
	android:exported
		ADDED from src\main\AndroidManifest.xml:24:13-37
	android:name
		ADDED from src\main\AndroidManifest.xml:22:13-55
uses-sdk
INJECTED from src\main\AndroidManifest.xml reason: use-sdk injection requested
INJECTED from src\main\AndroidManifest.xml
INJECTED from src\main\AndroidManifest.xml
INJECTED from src\main\AndroidManifest.xml
INJECTED from src\main\AndroidManifest.xml
	android:targetSdkVersion
		INJECTED from src\main\AndroidManifest.xml
		ADDED from src\main\AndroidManifest.xml
		INJECTED from src\main\AndroidManifest.xml
	android:minSdkVersion
		INJECTED from src\main\AndroidManifest.xml
		ADDED from src\main\AndroidManifest.xml
		INJECTED from src\main\AndroidManifest.xml